2025-06-21 16:19:16,189 - INFO - X投稿BOT初期化完了
2025-06-21 16:19:16,189 - INFO - 投稿時間: 8:00-22:00
2025-06-21 16:19:16,190 - INFO - 投稿頻度: 1時間に2-3回
2025-06-21 16:19:16,190 - INFO - テストモード: 有効
2025-06-21 16:19:16,205 - INFO - 投稿可能データ: 189件
2025-06-21 16:19:16,206 - INFO - 今日投稿可能: 189件
2025-06-21 16:19:16,208 - INFO - テスト投稿成功: 頭に来てもアホとは戦うな！...
2025-06-21 16:19:16,210 - INFO - 投稿成功: 頭に来てもアホとは戦うな！...
2025-06-21 16:21:23,205 - INFO - X投稿BOT初期化完了
2025-06-21 16:21:23,205 - INFO - 投稿時間: 8:00-22:00
2025-06-21 16:21:23,205 - INFO - 投稿頻度: 1時間に2-3回
2025-06-21 16:21:23,206 - INFO - テストモード: 有効
2025-06-21 16:21:23,222 - INFO - 投稿可能データ: 189件
2025-06-21 16:21:23,222 - INFO - 今日投稿可能: 188件
2025-06-21 16:21:23,225 - INFO - テスト投稿成功: 人生がうまくいく人の自己肯定感...
2025-06-21 16:21:23,227 - INFO - 投稿成功: 人生がうまくいく人の自己肯定感...
2025-06-21 16:25:04,415 - INFO - X投稿BOT初期化完了
2025-06-21 16:25:04,415 - INFO - 投稿時間: 8:00-22:00
2025-06-21 16:25:04,416 - INFO - 投稿頻度: 1時間に2-3回
2025-06-21 16:25:04,416 - INFO - テストモード: 有効
2025-06-21 16:25:04,430 - INFO - 投稿可能データ: 189件
2025-06-21 16:25:04,431 - INFO - 今日投稿可能: 187件
2025-06-21 16:25:04,434 - INFO - テスト投稿成功: やる気に頼らず「すぐやる人」になる37のコツ...
2025-06-21 16:25:04,438 - INFO - 投稿成功: やる気に頼らず「すぐやる人」になる37のコツ...
2025-06-21 16:25:18,949 - INFO - X投稿BOT開始
2025-06-21 16:25:18,965 - INFO - 投稿可能データ: 189件
2025-06-21 16:25:18,966 - INFO - 今日投稿可能: 186件
2025-06-21 16:25:18,969 - INFO - テスト投稿成功: フランス人は10着しか服を持たない...
2025-06-21 16:25:18,971 - INFO - 投稿成功: フランス人は10着しか服を持たない...
2025-06-21 16:25:18,971 - INFO - 次の投稿まで 22 分待機
2025-06-21 16:47:19,005 - INFO - 投稿可能データ: 189件
2025-06-21 16:47:19,006 - INFO - 今日投稿可能: 185件
2025-06-21 16:47:19,008 - INFO - テスト投稿成功: 本当に頭がいい人の思考習慣...
2025-06-21 16:47:19,010 - INFO - 投稿成功: 本当に頭がいい人の思考習慣...
2025-06-21 16:47:19,010 - INFO - 次の投稿まで 24 分待機
2025-06-21 17:01:46,376 - INFO - ユーザーによる停止
2025-06-21 17:15:20,094 - INFO - X API認証成功: @KU339212992985
2025-06-21 17:15:20,095 - INFO - X投稿BOT初期化完了
2025-06-21 17:15:20,095 - INFO - 投稿時間: 8:00-22:00
2025-06-21 17:15:20,096 - INFO - 投稿頻度: 1時間に2-3回
2025-06-21 17:15:20,096 - INFO - テストモード: 無効
2025-06-21 17:15:20,131 - INFO - 投稿可能データ: 189件
2025-06-21 17:15:20,131 - INFO - 今日投稿可能: 184件
2025-06-21 17:15:20,260 - ERROR - 投稿エラー: 403 Forbidden
Your client app is not configured with the appropriate oauth1 app permissions for this endpoint.
2025-06-21 17:15:20,261 - ERROR - 投稿失敗: 営業の魔法...
2025-06-21 17:15:53,288 - INFO - X投稿BOT開始
2025-06-21 17:15:53,304 - INFO - 投稿可能データ: 189件
2025-06-21 17:15:53,305 - INFO - 今日投稿可能: 184件
2025-06-21 17:15:53,440 - ERROR - 投稿エラー: 403 Forbidden
Your client app is not configured with the appropriate oauth1 app permissions for this endpoint.
2025-06-21 17:15:53,441 - ERROR - 投稿失敗: メモの魔力...
2025-06-21 17:15:53,441 - WARNING - 投稿失敗のため30分待機
2025-06-21 17:16:03,850 - INFO - ユーザーによる停止
2025-06-21 17:23:26,833 - INFO - X API認証成功: @KU339212992985
2025-06-21 17:23:26,833 - INFO - X投稿BOT初期化完了
2025-06-21 17:23:26,834 - INFO - 投稿時間: 8:00-22:00
2025-06-21 17:23:26,834 - INFO - 投稿頻度: 1時間に2-3回
2025-06-21 17:23:26,834 - INFO - テストモード: 無効
2025-06-21 17:23:26,855 - INFO - 投稿可能データ: 189件
2025-06-21 17:23:26,856 - INFO - 今日投稿可能: 184件
2025-06-21 17:23:27,151 - INFO - X投稿成功: Tweet ID 1936339164745941238
2025-06-21 17:23:27,154 - INFO - 投稿成功: 直感と論理をつなぐ思考法...
2025-06-21 17:23:53,702 - INFO - X投稿BOT開始
2025-06-21 17:23:53,719 - INFO - 投稿可能データ: 189件
2025-06-21 17:23:53,720 - INFO - 今日投稿可能: 183件
2025-06-21 17:23:54,014 - INFO - X投稿成功: Tweet ID 1936339277388079596
2025-06-21 17:23:54,397 - INFO - 投稿成功: 気にしない習慣...
2025-06-21 17:23:54,398 - INFO - 次の投稿まで 38 分待機
2025-06-21 17:41:44,959 - INFO - ユーザーによる停止
2025-06-21 17:47:05,780 - INFO - X API認証成功: @KU339212992985
2025-06-21 17:47:05,781 - INFO - X投稿BOT初期化完了
2025-06-21 17:47:05,781 - INFO - 投稿時間: 8:00-22:00
2025-06-21 17:47:44,933 - INFO - X API認証成功: @KU339212992985
2025-06-21 17:47:44,933 - INFO - X投稿BOT初期化完了
2025-06-21 17:47:44,934 - INFO - 投稿時間: 8:00-22:00
2025-06-21 17:47:44,934 - INFO - 投稿頻度: 1日に9件
2025-06-21 17:47:44,934 - INFO - テストモード: 無効
2025-06-21 17:47:44,953 - INFO - 投稿可能データ: 189件
2025-06-21 17:47:44,953 - INFO - 今日投稿可能: 182件 (今日の投稿数: 7/9)
2025-06-21 17:47:45,217 - INFO - X投稿成功: Tweet ID 1936345280376623233
2025-06-21 17:47:45,219 - INFO - 投稿成功: LIFE SHIFT(ライフ・シフト) 100年時代の人生戦...
2025-06-21 17:47:49,066 - INFO - X投稿BOT開始
2025-06-21 17:47:49,080 - INFO - 投稿可能データ: 189件
2025-06-21 17:47:49,081 - INFO - 今日投稿可能: 181件 (今日の投稿数: 8/9)
2025-06-21 17:47:49,338 - INFO - X投稿成功: Tweet ID 1936345297619419477
2025-06-21 17:47:49,344 - INFO - 投稿成功: USJを劇的に変えた、たった1つの考え方...
2025-06-21 17:47:49,345 - INFO - 次の投稿まで 852.2 分待機
2025-06-21 17:51:11,559 - INFO - ユーザーによる停止
2025-06-21 17:53:29,073 - INFO - X API認証成功: @KU339212992985
2025-06-21 17:53:29,074 - INFO - X投稿BOT初期化完了
2025-06-21 17:53:29,074 - INFO - 投稿時間: 8:00-22:00
2025-06-21 17:53:29,075 - INFO - 投稿頻度: 1日に9件
2025-06-21 17:53:29,075 - INFO - テストモード: 無効
2025-06-21 17:56:58,183 - INFO - X API認証成功: @KU339212992985
2025-06-21 17:56:58,183 - INFO - X投稿BOT初期化完了
2025-06-21 17:56:58,184 - INFO - 投稿時間: 8:00-22:00
2025-06-21 17:56:58,184 - INFO - 投稿頻度: 1日に9件
2025-06-21 17:56:58,184 - INFO - テストモード: 無効
2025-06-21 18:00:15,764 - INFO - X API認証成功: @KU339212992985
2025-06-21 18:00:15,765 - INFO - X投稿BOT初期化完了
2025-06-21 18:00:15,765 - INFO - 投稿時間: 8:00-22:00
2025-06-21 18:00:15,765 - INFO - 投稿頻度: 1日に9件
2025-06-21 18:00:15,766 - INFO - テストモード: 無効
2025-06-21 18:03:15,157 - INFO - X API認証成功: @KU339212992985
2025-06-21 18:03:15,158 - INFO - X投稿BOT初期化完了
2025-06-21 18:03:15,158 - INFO - 投稿時間: 8:00-22:00
2025-06-21 18:03:15,159 - INFO - 投稿頻度: 1日に9件
2025-06-21 18:03:15,159 - INFO - テストモード: 無効
2025-06-21 18:03:15,177 - INFO - 投稿可能データ: 189件
2025-06-21 18:03:15,178 - INFO - 今日投稿可能: 185件 (今日の投稿数: 4/9)
2025-06-21 18:03:15,440 - INFO - X投稿成功: Tweet ID 1936349182027317296
2025-06-21 18:03:15,443 - INFO - 投稿成功: 最高の集中術...
2025-06-21 18:03:15,444 - INFO - X投稿BOT開始
2025-06-21 18:03:15,458 - INFO - 投稿可能データ: 189件
2025-06-21 18:03:15,458 - INFO - 今日投稿可能: 184件 (今日の投稿数: 5/9)
2025-06-21 18:03:15,728 - INFO - X投稿成功: Tweet ID 1936349183130419325
2025-06-21 18:03:15,730 - INFO - 投稿成功: 頭に来てもアホとは戦うな！...
2025-06-21 18:03:15,731 - INFO - 次の投稿まで 66.0 分待機
2025-06-21 18:05:17,437 - INFO - ユーザーによる停止
2025-06-21 18:06:59,343 - INFO - X API認証成功: @KU339212992985
2025-06-21 18:06:59,344 - INFO - X投稿BOT初期化完了
2025-06-21 18:06:59,344 - INFO - 投稿時間: 8:00-22:00
2025-06-21 18:06:59,344 - INFO - 投稿頻度: 1日に9件
2025-06-21 18:06:59,345 - INFO - テストモード: 無効
2025-06-21 18:06:59,346 - INFO - X投稿BOT開始
2025-06-21 18:06:59,365 - INFO - 投稿可能データ: 189件
2025-06-21 18:06:59,365 - INFO - 今日投稿可能: 183件 (今日の投稿数: 6/9)
2025-06-21 18:06:59,630 - INFO - X投稿成功: Tweet ID 1936350122289611149
2025-06-21 18:07:00,042 - INFO - 投稿成功: 物語思考 「やりたいこと」が見つからなくて悩む人のキャリア設...
2025-06-21 18:07:00,043 - INFO - 次の投稿まで 93.0 分待機
2025-06-21 18:08:54,995 - INFO - ユーザーによる停止
2025-06-21 18:11:13,982 - INFO - 投稿履歴読み込み完了: 7件
2025-06-21 18:11:14,166 - INFO - X API認証成功: @KU339212992985
2025-06-21 18:11:14,166 - INFO - X投稿BOT初期化完了
2025-06-21 18:11:14,167 - INFO - 投稿時間: 8:00-22:00
2025-06-21 18:11:14,167 - INFO - 投稿頻度: 1日に9件
2025-06-21 18:11:14,167 - INFO - テストモード: 無効
2025-06-21 18:11:14,169 - INFO - X投稿BOT開始
2025-06-21 18:11:14,187 - INFO - 投稿可能データ: 189件
2025-06-21 18:11:14,188 - INFO - 今日投稿可能: 182件 (今日の投稿数: 7/9)
2025-06-21 18:11:14,426 - INFO - X投稿成功: Tweet ID 1936351191056961765
2025-06-21 18:11:14,432 - INFO - 投稿成功: 職業としての小説家...
2025-06-21 18:11:14,433 - INFO - 次の投稿まで 160.9 分待機
2025-06-21 18:11:38,596 - INFO - ユーザーによる停止
2025-06-21 18:12:23,733 - INFO - 投稿履歴読み込み完了: 8件
2025-06-21 18:12:23,936 - INFO - X API認証成功: @KU339212992985
2025-06-21 18:12:23,936 - INFO - X投稿BOT初期化完了
2025-06-21 18:12:23,936 - INFO - 投稿時間: 8:00-22:00
2025-06-21 18:12:23,936 - INFO - 投稿頻度: 1日に9件
2025-06-21 18:12:23,937 - INFO - テストモード: 無効
2025-06-21 18:12:23,938 - INFO - X投稿BOT開始
2025-06-21 18:12:23,956 - INFO - 投稿可能データ: 189件
2025-06-21 18:12:23,957 - INFO - 今日投稿可能: 181件 (今日の投稿数: 8/9)
2025-06-21 18:12:24,259 - INFO - X投稿成功: Tweet ID 1936351483953594409
2025-06-21 18:12:24,261 - INFO - 投稿成功: 生成AIで世界はこう変わる (SB新書)...
2025-06-21 18:12:24,262 - INFO - 次の投稿まで 827.6 分待機
2025-06-22 02:58:08,485 - INFO - 古い投稿履歴を自動削除しました (削除前: 9件 → 削除後: 0件)
2025-06-22 02:58:08,690 - INFO - X API認証成功: @KU339212992985
2025-06-22 02:58:08,690 - INFO - X投稿BOT初期化完了
2025-06-22 02:58:08,690 - INFO - 投稿時間: 8:00-22:00
2025-06-22 02:58:08,691 - INFO - 投稿頻度: 1日に9件
2025-06-22 02:58:08,691 - INFO - テストモード: 無効
2025-06-22 02:58:08,692 - INFO - X投稿BOT開始
2025-06-22 02:58:08,694 - INFO - 投稿時間外です。1時間後に再チェック
2025-06-22 03:58:08,761 - INFO - 投稿時間外です。1時間後に再チェック
2025-06-22 04:58:08,823 - INFO - 投稿時間外です。1時間後に再チェック
2025-06-22 05:58:08,883 - INFO - 投稿時間外です。1時間後に再チェック
2025-06-22 06:58:08,944 - INFO - 投稿時間外です。1時間後に再チェック
2025-06-22 07:58:09,004 - INFO - 投稿時間外です。1時間後に再チェック
2025-06-22 08:58:09,635 - INFO - 投稿可能データ: 189件
2025-06-22 08:58:09,636 - INFO - 今日投稿可能: 189件 (今日の投稿数: 0/9)
2025-06-22 08:58:09,927 - INFO - X投稿成功: Tweet ID 1936574393024655666
2025-06-22 08:58:09,929 - INFO - 投稿成功: 悩む力...
2025-06-22 08:58:09,930 - INFO - 次の投稿まで 90.8 分待機
2025-06-22 10:28:58,471 - INFO - 投稿可能データ: 189件
2025-06-22 10:28:58,471 - INFO - 今日投稿可能: 188件 (今日の投稿数: 1/9)
2025-06-22 10:28:58,772 - INFO - X投稿成功: Tweet ID 1936597247153893755
2025-06-22 10:28:59,171 - INFO - 投稿成功: 「繊細さん」の本...
2025-06-22 10:28:59,171 - INFO - 次の投稿まで 94.0 分待機
2025-06-22 12:02:57,704 - INFO - 投稿可能データ: 189件
2025-06-22 12:02:57,705 - INFO - 今日投稿可能: 187件 (今日の投稿数: 2/9)
2025-06-22 12:02:58,016 - INFO - X投稿成功: Tweet ID 1936620899824025756
2025-06-22 12:02:58,427 - INFO - 投稿成功: 自分でできる子に育つ ほめ方 叱り方...
2025-06-22 12:02:58,428 - INFO - 次の投稿まで 77.7 分待機
2025-06-22 13:20:40,680 - INFO - 投稿可能データ: 189件
2025-06-22 13:20:40,680 - INFO - 今日投稿可能: 186件 (今日の投稿数: 3/9)
2025-06-22 13:20:40,964 - INFO - X投稿成功: Tweet ID 1936640457708273758
2025-06-22 13:20:41,467 - INFO - 投稿成功: 本当に頭がいい人の思考習慣...
2025-06-22 13:20:41,468 - INFO - 次の投稿まで 106.1 分待機
2025-06-22 15:06:47,421 - INFO - 投稿可能データ: 189件
2025-06-22 15:06:47,436 - INFO - 今日投稿可能: 185件 (今日の投稿数: 4/9)
2025-06-22 15:06:47,787 - INFO - X投稿成功: Tweet ID 1936667162049151243
2025-06-22 15:06:47,790 - INFO - 投稿成功: 図解 コンサル一年目が学ぶこと...
2025-06-22 15:06:47,791 - INFO - 次の投稿まで 134.3 分待機
2025-06-23 12:23:39,637 - INFO - 投稿可能データ: 189件
2025-06-23 12:23:39,638 - INFO - 今日投稿可能: 189件 (今日の投稿数: 0/9)
2025-06-23 12:23:39,913 - INFO - X投稿成功: Tweet ID 1936988497153605912
2025-06-23 12:23:39,915 - INFO - 投稿成功: 人生の教養が身につく名言集...
2025-06-23 12:23:39,917 - INFO - 次の投稿まで 68.7 分待機
2025-06-23 19:05:31,063 - INFO - ユーザーによる停止
2025-06-23 19:05:35,439 - INFO - 古い投稿履歴を自動削除しました (削除前: 6件 → 削除後: 1件)
2025-06-23 19:05:35,632 - INFO - X API認証成功: @KU339212992985
2025-06-23 19:05:35,632 - INFO - X投稿BOT初期化完了
2025-06-23 19:05:35,633 - INFO - 投稿時間: 8:00-22:00
2025-06-23 19:05:35,633 - INFO - 投稿頻度: 1日に9件
2025-06-23 19:05:35,633 - INFO - テストモード: 無効
2025-06-23 19:05:35,635 - INFO - X投稿BOT開始
2025-06-23 19:05:35,665 - INFO - 投稿可能データ: 189件
2025-06-23 19:05:35,665 - INFO - 今日投稿可能: 188件 (今日の投稿数: 1/9)
2025-06-23 19:05:35,911 - INFO - X投稿成功: Tweet ID 1937089650549752060
2025-06-23 19:05:35,914 - INFO - 投稿成功: アウトプット大全...
2025-06-23 19:05:35,914 - INFO - 次の投稿まで 34.2 分待機
2025-06-23 20:04:02,358 - INFO - 投稿可能データ: 189件
2025-06-23 20:04:02,359 - INFO - 今日投稿可能: 187件 (今日の投稿数: 2/9)
2025-06-23 20:04:02,667 - INFO - X投稿成功: Tweet ID 1937104357671195115
2025-06-23 20:04:03,064 - INFO - 投稿成功: なぜあなたの仕事は終わらないのか...
2025-06-23 20:04:03,064 - INFO - 次の投稿まで 44.4 分待機
2025-06-24 00:20:25,934 - INFO - 投稿時間外です。1時間後に再チェック
2025-06-24 07:26:11,845 - INFO - 投稿時間外です。1時間後に再チェック
2025-06-24 09:58:43,473 - INFO - 投稿可能データ: 189件
2025-06-24 09:58:43,474 - INFO - 今日投稿可能: 189件 (今日の投稿数: 0/9)
2025-06-24 09:58:43,489 - ERROR - 投稿エラー: ('Connection aborted.', ConnectionResetError(10054, '既存の接続はリモート ホストに強制的に切断されました。', None, 10054, None))
2025-06-24 09:58:43,489 - ERROR - 投稿失敗: メンタルモンスターになろう！...
2025-06-24 09:58:43,490 - WARNING - 投稿失敗のため30分待機
2025-06-24 10:49:40,948 - INFO - ユーザーによる停止
2025-06-24 10:49:47,291 - INFO - 古い投稿履歴を自動削除しました (削除前: 3件 → 削除後: 0件)
2025-06-24 10:49:47,481 - INFO - X API認証成功: @KU339212992985
2025-06-24 10:49:47,481 - INFO - X投稿BOT初期化完了
2025-06-24 10:49:47,482 - INFO - 投稿時間: 8:00-22:00
2025-06-24 10:49:47,482 - INFO - 投稿頻度: 1日に9件
2025-06-24 10:49:47,482 - INFO - テストモード: 無効
2025-06-24 10:49:47,483 - INFO - X投稿BOT開始
2025-06-24 10:49:47,498 - INFO - 投稿可能データ: 189件
2025-06-24 10:49:47,498 - INFO - 今日投稿可能: 189件 (今日の投稿数: 0/9)
2025-06-24 10:49:47,759 - INFO - X投稿成功: Tweet ID 1937327264909459624
2025-06-24 10:49:47,761 - INFO - 投稿成功: あなたはあなたが使っている言葉でできている...
2025-06-24 10:49:47,761 - INFO - 次の投稿まで 60.0 分待機
2025-06-24 13:10:09,154 - INFO - 投稿可能データ: 189件
2025-06-24 13:10:09,155 - INFO - 今日投稿可能: 188件 (今日の投稿数: 1/9)
2025-06-24 13:10:09,501 - INFO - X投稿成功: Tweet ID 1937362587324490065
2025-06-24 13:10:09,503 - INFO - 投稿成功: TOEIC L&R TEST 出る単特急 金のフレーズ...
2025-06-24 13:10:09,503 - INFO - 次の投稿まで 67.7 分待機
2025-07-06 21:45:21,920 - INFO - 古い投稿履歴を自動削除しました (削除前: 2件 → 削除後: 0件)
2025-07-06 21:45:22,202 - INFO - X API認証成功: @KU339212992985
2025-07-06 21:45:22,203 - INFO - X投稿BOT初期化完了
2025-07-06 21:45:22,203 - INFO - 投稿時間: 8:00-22:00
2025-07-06 21:45:22,203 - INFO - 投稿頻度: 1日に9件
2025-07-06 21:45:22,203 - INFO - テストモード: 無効
2025-07-06 21:45:22,204 - INFO - X投稿BOT開始
2025-07-06 21:45:22,283 - INFO - 投稿可能データ: 189件
2025-07-06 21:45:22,284 - INFO - 今日投稿可能: 189件 (今日の投稿数: 0/9)
2025-07-06 21:45:22,596 - INFO - X投稿成功: Tweet ID 1941840901086888269
2025-07-06 21:45:22,598 - INFO - 投稿成功: 仕事が速いのにミスしない人は、何をしているのか？...
2025-07-06 21:45:22,598 - INFO - 次の投稿まで 21.0 分待機
2025-07-06 22:06:20,128 - INFO - 投稿時間外です。1時間後に再チェック
2025-07-06 23:06:20,472 - INFO - 投稿時間外です。1時間後に再チェック
2025-07-07 05:38:48,084 - INFO - 古い投稿履歴を自動削除しました (削除前: 1件 → 削除後: 0件)
2025-07-07 05:38:48,291 - INFO - X API認証成功: @KU339212992985
2025-07-07 05:38:48,291 - INFO - X投稿BOT初期化完了
2025-07-07 05:38:48,291 - INFO - 投稿時間: 8:00-22:00
2025-07-07 05:38:48,291 - INFO - 投稿頻度: 1日に9件
2025-07-07 05:38:48,291 - INFO - テストモード: 無効
2025-07-07 05:38:48,292 - INFO - X投稿BOT開始
2025-07-07 05:38:48,292 - INFO - 投稿時間外です。1時間後に再チェック
2025-07-07 06:38:48,293 - INFO - 投稿時間外です。1時間後に再チェック
2025-07-07 07:38:48,648 - INFO - 投稿時間外です。1時間後に再チェック
2025-07-07 08:38:49,425 - INFO - 投稿可能データ: 189件
2025-07-07 08:38:49,426 - INFO - 今日投稿可能: 189件 (今日の投稿数: 0/9)
2025-07-07 08:38:49,720 - INFO - X投稿成功: Tweet ID 1942005345523781737
2025-07-07 08:38:49,722 - INFO - 投稿成功: 心に効く美容の魔法...
2025-07-07 08:38:49,722 - INFO - 次の投稿まで 127.7 分待機
2025-07-07 08:49:01,616 - INFO - ユーザーによる停止
2025-07-07 00:11:34,782 - INFO - 投稿履歴読み込み完了: 1件
2025-07-07 00:11:34,994 - INFO - X API認証成功: @KU339212992985
2025-07-07 00:11:34,994 - INFO - X投稿BOT初期化完了（GitHub Actions対応版）
2025-07-07 00:11:34,994 - INFO - 投稿時間: 9:00-22:00
2025-07-07 00:11:34,994 - INFO - 投稿頻度: 1日に9件
2025-07-07 00:11:34,994 - INFO - GitHub Actionsモード: 有効
2025-07-07 00:11:34,994 - INFO - テストモード: 無効
2025-07-07 00:11:34,994 - INFO - X投稿BOT開始（GitHub Actions対応版）
2025-07-07 00:11:34,994 - INFO - 投稿時間外です（現在: 0時）
2025-07-07 00:11:34,994 - INFO - 投稿スキップ（条件不適合）
2025-07-07 00:11:34,994 - INFO - X投稿BOT終了
2025-07-07 00:14:51,028 - INFO - 投稿履歴読み込み完了: 1件
2025-07-07 00:14:51,121 - INFO - X API認証成功: @KU339212992985
2025-07-07 00:14:51,121 - INFO - X投稿BOT初期化完了（GitHub Actions対応版）
2025-07-07 00:14:51,121 - INFO - 投稿時間: 9:00-22:00
2025-07-07 00:14:51,122 - INFO - 投稿頻度: 1日に9件
2025-07-07 00:14:51,122 - INFO - GitHub Actionsモード: 有効
2025-07-07 00:14:51,122 - INFO - テストモード: 無効
2025-07-07 00:14:51,122 - INFO - X投稿BOT開始（GitHub Actions対応版）
2025-07-07 00:14:51,122 - INFO - 投稿時間外です（現在: 0時）
2025-07-07 00:14:51,122 - INFO - 投稿スキップ（条件不適合）
2025-07-07 00:14:51,122 - INFO - X投稿BOT終了
2025-07-07 00:21:58,366 - INFO - 投稿履歴読み込み完了: 1件
2025-07-07 00:21:58,471 - INFO - X API認証成功: @KU339212992985
2025-07-07 00:21:58,471 - INFO - X投稿BOT初期化完了（GitHub Actions対応版）
2025-07-07 00:21:58,471 - INFO - 投稿時間: 9:00-22:00
2025-07-07 00:21:58,471 - INFO - 投稿頻度: 1日に9件
2025-07-07 00:21:58,471 - INFO - GitHub Actionsモード: 有効
2025-07-07 00:21:58,471 - INFO - テストモード: 無効
2025-07-07 00:21:58,471 - INFO - X投稿BOT開始（GitHub Actions対応版）
2025-07-07 00:21:58,471 - INFO - UTC時間: 0時, 日本時間: 9時
2025-07-07 00:21:58,471 - INFO - 投稿判定: 日本時間9時, 今日1/9件, 残り8件, 確率0.46, 結果スキップ
2025-07-07 00:21:58,471 - INFO - 投稿スキップ（条件不適合）
2025-07-07 00:21:58,471 - INFO - X投稿BOT終了
2025-07-07 00:29:21,580 - INFO - 投稿履歴読み込み完了: 1件
2025-07-07 00:29:21,663 - INFO - X API認証成功: @KU339212992985
2025-07-07 00:29:21,663 - INFO - X投稿BOT初期化完了（GitHub Actions対応版）
2025-07-07 00:29:21,664 - INFO - 投稿時間: 9:00-22:00
2025-07-07 00:29:21,664 - INFO - 投稿頻度: 1日に9件
2025-07-07 00:29:21,664 - INFO - GitHub Actionsモード: 有効
2025-07-07 00:29:21,664 - INFO - テストモード: 無効
2025-07-07 00:29:21,664 - INFO - X投稿BOT開始（GitHub Actions対応版）
2025-07-07 00:29:21,664 - INFO - UTC時間: 0時, 日本時間: 9時
2025-07-07 00:29:21,664 - INFO - 投稿判定: 日本時間9時, 今日1/9件, 残り8件, 確率0.46, 結果スキップ
2025-07-07 00:29:21,664 - INFO - 投稿スキップ（条件不適合）
2025-07-07 00:29:21,664 - INFO - X投稿BOT終了
